<?xml version="1.0" encoding="UTF-8"?>
<!-- Generated by org.testng.reporters.JUnitXMLReporter -->
<testsuite ignored="0" hostname="NIMIK" failures="1" tests="11" name="Test" time="0.09" errors="0" timestamp="05 Jul. 2024 02:05:33 GMT">
  <testcase classname="ui.Testing1" name="abc" time="0.0"/>
  <testcase classname="ui.Testing1" name="abc" time="0.001"/>
  <testcase classname="ui.Testing1" name="abc" time="0.001"/>
  <testcase classname="ui.Testing1" name="test1" time="0.0"/>
  <testcase classname="ui.Testing1" name="test2" time="0.001"/>
  <testcase classname="ui.Testing1" name="test3" time="0.0"/>
  <testcase classname="ui.Testing2" name="test4" time="0.0"/>
  <testcase classname="ui.Testing2" name="test5" time="0.001"/>
  <testcase classname="ui.Testing3" name="createUser" time="0.006"/>
  <testcase classname="ui.Testing3" name="editUser" time="0.003">
    <failure type="java.lang.AssertionError" message="The following asserts failed:
	Verifying Element expected [true] but found [false]">
      <![CDATA[java.lang.AssertionError: The following asserts failed:
Verifying Element expected [true] but found [false]
at ui.Testing3.editUser(Testing3.java:26)
... Removed 25 stack frames]]>
    </failure>
  </testcase> <!-- editUser -->
  <testcase classname="ui.Testing3" name="deleteUser" time="0.001">
    <skipped/>
  </testcase> <!-- deleteUser -->
</testsuite> <!-- Test -->
