<?xml version="1.0" encoding="UTF-8"?>
<!-- Generated by org.testng.reporters.JUnitXMLReporter -->
<testsuite ignored="0" hostname="NIMIK" failures="1" tests="7" name="Functional Testing" time="52.184" errors="0" timestamp="2024-06-29T07:36:42 EDT">
  <testcase classname="ui.GroupTest" name="aTest1" time="0.021"/>
  <testcase classname="ui.GroupTest" name="bTest2" time="0.006"/>
  <testcase classname="ui.GroupTest" name="bTest3" time="0.004"/>
  <testcase classname="ui.VerifyTheTitle" name="titleTest" time="25.378"/>
  <testcase classname="ui.LoginTest" name="loginTest" time="0.006"/>
  <testcase classname="ui.LoginTest" name="logoutTest" time="0.006"/>
  <testcase classname="ui.VerifyTheTitleAndText" name="titleTest" time="26.494">
    <failure type="java.lang.AssertionError" message="The following asserts failed:
	text verification failed expected [Sell] but found [Search]">
      <![CDATA[java.lang.AssertionError: The following asserts failed:
text verification failed expected [Sell] but found [Search]
at ui.VerifyTheTitleAndText.titleTest(VerifyTheTitleAndText.java:30)
at java.base/java.util.ArrayList.forEach(ArrayList.java:1511)
... Removed 30 stack frames]]>
    </failure>
  </testcase> <!-- titleTest -->
</testsuite> <!-- Functional Testing -->
